<?xml version="1.0" encoding="UTF-8"?>
<!-- Generated by org.testng.reporters.JUnitReportReporter -->
<testsuite hostname="Tekizma" failures="0" tests="2" name="com.inetbank.testCases.TC_LoginTest_1" time="30.503" errors="0" timestamp="2022-12-26T15:01:06 IST" skipped="0">
  <testcase classname="com.inetbank.testCases.TC_LoginTest_1" name="loginTest" time="18.345"/>
  <system-out/>
  <testcase classname="com.inetbank.testCases.TC_LoginTest_1" name="loginTest" time="12.158"/>
  <system-out/>
</testsuite> <!-- com.inetbank.testCases.TC_LoginTest_1 -->
