<?xml version="1.0" encoding="UTF-8"?>
<!-- Generated by org.testng.reporters.JUnitReportReporter -->
<testsuite hostname="Tekizma" failures="0" tests="1" name="com.inetbank.testCases.TC_LoginTest" time="10.708" errors="0" timestamp="2023-01-04T12:36:10 IST" skipped="0">
  <testcase classname="com.inetbank.testCases.TC_LoginTest" name="LoginTest" time="10.708"/>
  <system-out/>
</testsuite> <!-- com.inetbank.testCases.TC_LoginTest -->
