<?xml version="1.0" encoding="UTF-8"?>
<!-- Generated by org.testng.reporters.JUnitReportReporter -->
<testsuite hostname="Tekizma" failures="0" tests="2" name="com.inetbank.testCases.TC_LoginTest_1" time="19.140" errors="0" timestamp="2023-01-04T12:36:10 IST" skipped="0">
  <testcase classname="com.inetbank.testCases.TC_LoginTest_1" name="loginTest" time="9.976"/>
  <system-out/>
  <testcase classname="com.inetbank.testCases.TC_LoginTest_1" name="loginTest" time="9.164"/>
  <system-out/>
</testsuite> <!-- com.inetbank.testCases.TC_LoginTest_1 -->
