<?xml version="1.0" encoding="UTF-8"?>
<!-- Generated by org.testng.reporters.JUnitReportReporter -->
<testsuite hostname="Tekizma" failures="0" tests="1" name="com.inetbank.testCases.TC_NewCustomerTest" time="8.644" errors="0" timestamp="2023-01-04T12:45:18 IST" skipped="0">
  <testcase classname="com.inetbank.testCases.TC_NewCustomerTest" name="addNewCustomerTest" time="8.644"/>
  <system-out/>
</testsuite> <!-- com.inetbank.testCases.TC_NewCustomerTest -->
